<?xml version="1.0" encoding="UTF-8"?>
<testng-results skipped="0" failed="0" ignored="0" total="1" passed="1">
  <reporter-output>
  </reporter-output>
  <suite name="Default suite" duration-ms="107863" started-at="2020-08-11T14:40:14 IST" finished-at="2020-08-11T14:42:02 IST">
    <groups>
    </groups>
    <test name="Default test" duration-ms="107863" started-at="2020-08-11T14:40:14 IST" finished-at="2020-08-11T14:42:02 IST">
      <class name="TestCases.test2">
        <test-method status="PASS" signature="test3()[pri:0, instance:TestCases.test2@b0bfab]" name="test3" duration-ms="107792" started-at="2020-08-11T14:40:14 IST" finished-at="2020-08-11T14:42:01 IST">
          <reporter-output>
          </reporter-output>
        </test-method> <!-- test3 -->
      </class> <!-- TestCases.test2 -->
    </test> <!-- Default test -->
  </suite> <!-- Default suite -->
</testng-results>
